<?xml version="1.0" encoding="UTF-8"?>
<!-- Generated by org.testng.reporters.JUnitReportReporter -->
<testsuite hostname="DESKTOP-8Q0K27D" failures="0" tests="15" name="runner.TestRunner" time="6.979" errors="0" timestamp="2022-08-16T12:23:26 IST" skipped="0">
  <testcase classname="runner.TestRunner" name="runScenario" time="0.302"/>
  <system-out/>
  <testcase classname="runner.TestRunner" name="runScenario" time="0.186"/>
  <system-out/>
  <testcase classname="runner.TestRunner" name="runScenario" time="1.085"/>
  <system-out/>
  <testcase classname="runner.TestRunner" name="runScenario" time="0.160"/>
  <system-out/>
  <testcase classname="runner.TestRunner" name="runScenario" time="0.183"/>
  <system-out/>
  <testcase classname="runner.TestRunner" name="runScenario" time="0.360"/>
  <system-out/>
  <testcase classname="runner.TestRunner" name="runScenario" time="0.371"/>
  <system-out/>
  <testcase classname="runner.TestRunner" name="runScenario" time="0.243"/>
  <system-out/>
  <testcase classname="runner.TestRunner" name="runScenario" time="0.218"/>
  <system-out/>
  <testcase classname="runner.TestRunner" name="runScenario" time="0.154"/>
  <system-out/>
  <testcase classname="runner.TestRunner" name="runScenario" time="0.266"/>
  <system-out/>
  <testcase classname="runner.TestRunner" name="runScenario" time="2.694"/>
  <system-out/>
  <testcase classname="runner.TestRunner" name="runScenario" time="0.298"/>
  <system-out/>
  <testcase classname="runner.TestRunner" name="runScenario" time="0.240"/>
  <system-out/>
  <testcase classname="runner.TestRunner" name="runScenario" time="0.219"/>
  <system-out/>
</testsuite> <!-- runner.TestRunner -->
